f:\aie\aie year 2\3. complex game systems\assessments\essential\2. demonstrate application\c++ multithreaded manager\multithreading manager\multithreading manager\x64\debug\vc143.pdb
f:\aie\aie year 2\3. complex game systems\assessments\essential\2. demonstrate application\c++ multithreaded manager\multithreading manager\multithreading manager\x64\debug\vc143.idb
f:\aie\aie year 2\3. complex game systems\assessments\essential\2. demonstrate application\c++ multithreaded manager\multithreading manager\multithreading manager\x64\debug\main.obj
f:\aie\aie year 2\3. complex game systems\assessments\essential\2. demonstrate application\c++ multithreaded manager\multithreading manager\multithreading manager\x64\debug\mtmanager.obj
f:\aie\aie year 2\3. complex game systems\assessments\essential\2. demonstrate application\c++ multithreaded manager\multithreading manager\multithreading manager\x64\debug\application.obj
f:\aie\aie year 2\3. complex game systems\assessments\essential\2. demonstrate application\c++ multithreaded manager\multithreading manager\multithreading manager\x64\debug\simapp.obj
f:\aie\aie year 2\3. complex game systems\assessments\essential\2. demonstrate application\c++ multithreaded manager\multithreading manager\multithreading manager\x64\debug\gizmos.obj
f:\aie\aie year 2\3. complex game systems\assessments\essential\2. demonstrate application\c++ multithreaded manager\multithreading manager\multithreading manager\x64\debug\gl_core_4_4.obj
f:\aie\aie year 2\3. complex game systems\assessments\essential\2. demonstrate application\c++ multithreaded manager\multithreading manager\multithreading manager\x64\debug\boid.obj
f:\aie\aie year 2\3. complex game systems\assessments\essential\2. demonstrate application\c++ multithreaded manager\multithreading manager\x64\debug\multithreading manager.exe
f:\aie\aie year 2\3. complex game systems\assessments\essential\2. demonstrate application\c++ multithreaded manager\multithreading manager\multithreading manager\x64\debug\multithreading manager.ilk
f:\aie\aie year 2\3. complex game systems\assessments\essential\2. demonstrate application\c++ multithreaded manager\multithreading manager\x64\debug\multithreading manager.pdb
f:\aie\aie year 2\3. complex game systems\assessments\essential\2. demonstrate application\c++ multithreaded manager\multithreading manager\multithreading manager\x64\debug\multithreading manager.obj
f:\aie\aie year 2\3. complex game systems\assessments\essential\2. demonstrate application\c++ multithreaded manager\multithreading manager\multithreading manager\x64\debug\multithr.5eca5bf6.tlog\cl.command.1.tlog
f:\aie\aie year 2\3. complex game systems\assessments\essential\2. demonstrate application\c++ multithreaded manager\multithreading manager\multithreading manager\x64\debug\multithr.5eca5bf6.tlog\cl.items.tlog
f:\aie\aie year 2\3. complex game systems\assessments\essential\2. demonstrate application\c++ multithreaded manager\multithreading manager\multithreading manager\x64\debug\multithr.5eca5bf6.tlog\cl.read.1.tlog
f:\aie\aie year 2\3. complex game systems\assessments\essential\2. demonstrate application\c++ multithreaded manager\multithreading manager\multithreading manager\x64\debug\multithr.5eca5bf6.tlog\cl.write.1.tlog
f:\aie\aie year 2\3. complex game systems\assessments\essential\2. demonstrate application\c++ multithreaded manager\multithreading manager\multithreading manager\x64\debug\multithr.5eca5bf6.tlog\link.command.1.tlog
f:\aie\aie year 2\3. complex game systems\assessments\essential\2. demonstrate application\c++ multithreaded manager\multithreading manager\multithreading manager\x64\debug\multithr.5eca5bf6.tlog\link.read.1.tlog
f:\aie\aie year 2\3. complex game systems\assessments\essential\2. demonstrate application\c++ multithreaded manager\multithreading manager\multithreading manager\x64\debug\multithr.5eca5bf6.tlog\link.write.1.tlog
